<?xml version="1.0" encoding="UTF-8"?>
<!-- Generated by org.testng.reporters.JUnitReportReporter -->
<testsuite hostname="agnel-Inspiron-3543" name="sele.ResizeExample" tests="1" failures="0" timestamp="31 Jul 2018 13:07:48 GMT" time="15.045" errors="0">
  <testcase name="testToResizeElement" time="15.045" classname="sele.ResizeExample"/>
</testsuite> <!-- sele.ResizeExample -->
