<?xml version="1.0" encoding="UTF-8"?>
<!-- Generated by org.testng.reporters.JUnitReportReporter -->
<testsuite hostname="agnel-Inspiron-3543" name="grouping.GroupingEx2" tests="2" failures="0" timestamp="9 Aug 2018 12:58:22 GMT" time="0.022" errors="0">
  <testcase name="carTestOne" time="0.019" classname="grouping.GroupingEx2"/>
  <testcase name="carTestTwo" time="0.003" classname="grouping.GroupingEx2"/>
</testsuite> <!-- grouping.GroupingEx2 -->
