<?xml version="1.0" encoding="UTF-8"?>
<!-- Generated by org.testng.reporters.JUnitReportReporter -->
<testsuite hostname="agnel-Inspiron-3543" name="parameterization.ParameterByDataprovider2" tests="3" failures="0" timestamp="31 Aug 2018 12:31:47 GMT" time="6.418" errors="0">
  <testcase name="testMethod" time="2.108" classname="parameterization.ParameterByDataprovider2"/>
  <testcase name="testMethod" time="2.213" classname="parameterization.ParameterByDataprovider2"/>
  <testcase name="testMethod" time="2.097" classname="parameterization.ParameterByDataprovider2"/>
</testsuite> <!-- parameterization.ParameterByDataprovider2 -->
