<?xml version="1.0" encoding="UTF-8"?>
<!-- Generated by org.testng.reporters.JUnitReportReporter -->
<testsuite hostname="agnel-Inspiron-3543" name="annotationex.MyTestClass1" tests="4" failures="0" timestamp="4 Aug 2018 07:12:22 GMT" time="0.019" errors="0">
  <testcase name="myTestMethod2" time="0.002" classname="annotationex.MyTestClass1"/>
  <testcase name="myTestMethod1" time="0.003" classname="annotationex.MyTestClass1"/>
  <testcase name="myTestMethod1" time="0.011" classname="annotationex.MyTestClass1"/>
  <testcase name="myTestMethod2" time="0.003" classname="annotationex.MyTestClass1"/>
</testsuite> <!-- annotationex.MyTestClass1 -->
