<?xml version="1.0" encoding="UTF-8"?>
<!-- Generated by org.testng.reporters.JUnitReportReporter -->
<testsuite hostname="agnel-Inspiron-3543" name="testng_ex.ParameterWithTestNGXML" tests="2" failures="0" timestamp="25 Apr 2018 10:48:34 GMT" time="20.696" errors="0">
  <testcase name="testParameterWithXML" time="11.159" classname="testng_ex.ParameterWithTestNGXML"/>
  <testcase name="testParameterWithXML" time="9.537" classname="testng_ex.ParameterWithTestNGXML"/>
</testsuite> <!-- testng_ex.ParameterWithTestNGXML -->
