<?xml version="1.0" encoding="UTF-8"?>
<!-- Generated by org.testng.reporters.JUnitReportReporter -->
<testsuite hostname="agnel-Inspiron-3543" name="testng_ex.TestParallelOne" tests="2" failures="0" timestamp="7 May 2018 12:48:54 GMT" time="0.018" errors="0">
  <testcase name="testOne" time="0.015" classname="testng_ex.TestParallelOne"/>
  <testcase name="testTwo" time="0.003" classname="testng_ex.TestParallelOne"/>
</testsuite> <!-- testng_ex.TestParallelOne -->
