<?xml version="1.0" encoding="UTF-8"?>
<!-- Generated by org.testng.reporters.JUnitReportReporter -->
<testsuite hostname="agnel-Inspiron-3543" name="testng_ex.TestNGSimpleTest" tests="1" failures="0" timestamp="20 Apr 2018 07:31:53 GMT" time="0.019" errors="0">
  <testcase name="Firsttest" time="0.019" classname="testng_ex.TestNGSimpleTest"/>
</testsuite> <!-- testng_ex.TestNGSimpleTest -->
