<?xml version="1.0" encoding="UTF-8"?>
<!-- Generated by org.testng.reporters.JUnitReportReporter -->
<testsuite hostname="agnel-Inspiron-3543" name="testng_ex.SampleTest2" tests="3" failures="0" timestamp="21 Apr 2018 07:44:22 GMT" time="0.118" errors="0">
  <testcase name="secondTest" time="0.034" classname="testng_ex.SampleTest2"/>
  <testcase name="thirdTest" time="0.041" classname="testng_ex.SampleTest2"/>
  <testcase name="firstTest" time="0.043" classname="testng_ex.SampleTest2"/>
</testsuite> <!-- testng_ex.SampleTest2 -->
