<?xml version="1.0" encoding="UTF-8"?>
<!-- Generated by org.testng.reporters.JUnitReportReporter -->
<testsuite hostname="agnel-Inspiron-3543" name="testng_ex.CrossWebBrowser" tests="3" failures="0" timestamp="25 Apr 2018 11:11:48 GMT" time="19.680" errors="0">
  <testcase name="verifypageTitle" time="6.347" classname="testng_ex.CrossWebBrowser"/>
  <testcase name="verifypageTitle" time="6.444" classname="testng_ex.CrossWebBrowser"/>
  <testcase name="verifypageTitle" time="6.889" classname="testng_ex.CrossWebBrowser"/>
</testsuite> <!-- testng_ex.CrossWebBrowser -->
