<?xml version="1.0" encoding="UTF-8"?>
<!-- Generated by org.testng.reporters.JUnitReportReporter -->
<testsuite hostname="agnel-Inspiron-3543" name="testng_ex.AnnotationDemo" tests="3" failures="0" timestamp="21 Sep 2018 11:59:01 GMT" time="0.026" errors="0">
  <testcase name="testCaseThree" time="0.012" classname="testng_ex.AnnotationDemo"/>
  <testcase name="testCaseOne" time="0.002" classname="testng_ex.AnnotationDemo"/>
  <testcase name="testCaseTwo" time="0.012" classname="testng_ex.AnnotationDemo"/>
</testsuite> <!-- testng_ex.AnnotationDemo -->
