<?xml version="1.0" encoding="UTF-8"?>
<!-- Generated by org.testng.reporters.JUnitReportReporter -->
<testsuite hostname="agnel-Inspiron-3543" name="annotationex.AnnotationEx" tests="3" failures="0" timestamp="9 Aug 2018 12:26:06 GMT" time="0.015" errors="0">
  <testcase name="testCaseTwo" time="0.009" classname="annotationex.AnnotationEx"/>
  <testcase name="testCaseOne" time="0.003" classname="annotationex.AnnotationEx"/>
  <testcase name="testCaseThree" time="0.003" classname="annotationex.AnnotationEx"/>
</testsuite> <!-- annotationex.AnnotationEx -->
