<?xml version="1.0" encoding="UTF-8"?>
<!-- Generated by org.testng.reporters.JUnitReportReporter -->
<testsuite hostname="agnel-Inspiron-3543" name="annotationex.AnnotationTest" tests="2" failures="0" timestamp="17 Sep 2018 12:13:19 GMT" time="0.018" errors="0">
  <testcase name="firstTest" time="0.015" classname="annotationex.AnnotationTest"/>
  <testcase name="secondTest" time="0.003" classname="annotationex.AnnotationTest"/>
</testsuite> <!-- annotationex.AnnotationTest -->
