<?xml version="1.0" encoding="UTF-8"?>
<!-- Generated by org.testng.reporters.JUnitReportReporter -->
<testsuite hostname="agnel-Inspiron-3543" name="parameterization.ParameterizationEx" tests="3" failures="0" timestamp="25 Apr 2018 10:54:05 GMT" time="0.021" errors="0">
  <testcase name="thirdTest" time="0.002" classname="parameterization.ParameterizationEx"/>
  <testcase name="firstTest" time="0.017" classname="parameterization.ParameterizationEx"/>
  <testcase name="secondTest" time="0.002" classname="parameterization.ParameterizationEx"/>
</testsuite> <!-- parameterization.ParameterizationEx -->
