<?xml version="1.0" encoding="UTF-8"?>
<!-- Generated by org.testng.reporters.JUnitReportReporter -->
<testsuite hostname="agnel-Inspiron-3543" name="testng_ex.Firsttestngfile" tests="2" failures="0" timestamp="18 Apr 2018 10:34:22 GMT" time="3.601" errors="0">
  <testcase name="register" time="2.207" classname="testng_ex.Firsttestngfile"/>
  <testcase name="support" time="1.394" classname="testng_ex.Firsttestngfile"/>
</testsuite> <!-- testng_ex.Firsttestngfile -->
