<?xml version="1.0" encoding="UTF-8"?>
<!-- Generated by org.testng.reporters.JUnitReportReporter -->
<testsuite hostname="agnel-Inspiron-3543" name="testng_ex.DateTimePicker" tests="1" failures="0" timestamp="19 Apr 2018 11:45:37 GMT" time="9.854" errors="0">
  <testcase name="testFirst" time="9.854" classname="testng_ex.DateTimePicker"/>
</testsuite> <!-- testng_ex.DateTimePicker -->
