<?xml version="1.0" encoding="UTF-8"?>
<!-- Generated by org.testng.reporters.JUnitReportReporter -->
<testsuite hostname="agnel-Inspiron-3543" name="testng_ex.SampleTest" tests="1" failures="0" timestamp="20 Apr 2018 10:23:11 GMT" time="0.026" errors="0">
  <testcase name="testThird" time="0.026" classname="testng_ex.SampleTest"/>
</testsuite> <!-- testng_ex.SampleTest -->
