<?xml version="1.0" encoding="UTF-8"?>
<!-- Generated by org.testng.reporters.JUnitReportReporter -->
<testsuite hostname="agnel-Inspiron-3543" name="testng_ex.TestNG" tests="3" failures="0" timestamp="20 Apr 2018 10:06:01 GMT" time="0.025" errors="0">
  <testcase name="firstTest" time="0.013" classname="testng_ex.TestNG"/>
  <testcase name="thirdTest" time="0.009" classname="testng_ex.TestNG"/>
  <testcase name="secondTest" time="0.003" classname="testng_ex.TestNG"/>
</testsuite> <!-- testng_ex.TestNG -->
