<?xml version="1.0" encoding="UTF-8"?>
<!-- Generated by org.testng.reporters.JUnitReportReporter -->
<testsuite hostname="agnel-Inspiron-3543" name="parameterization.ParallelEx" tests="2" failures="0" timestamp="24 Apr 2018 11:57:05 GMT" time="20.059" errors="0">
  <testcase name="testTwo" time="10.029" classname="parameterization.ParallelEx"/>
  <testcase name="testOne" time="10.030" classname="parameterization.ParallelEx"/>
</testsuite> <!-- parameterization.ParallelEx -->
