<?xml version="1.0" encoding="UTF-8"?>
<!-- Generated by org.testng.reporters.JUnitReportReporter -->
<testsuite hostname="agnel-Inspiron-3543" name="parameterization.ParallelEx2" tests="3" failures="0" timestamp="14 Aug 2018 12:57:20 GMT" time="30.117" errors="0">
  <testcase name="testThree" time="10.039" classname="parameterization.ParallelEx2"/>
  <testcase name="testTwo" time="10.039" classname="parameterization.ParallelEx2"/>
  <testcase name="testOne" time="10.039" classname="parameterization.ParallelEx2"/>
</testsuite> <!-- parameterization.ParallelEx2 -->
