<?xml version="1.0" encoding="UTF-8"?>
<!-- Generated by org.testng.reporters.JUnitReportReporter -->
<testsuite hostname="agnel-Inspiron-3543" name="parameterization.TestParameters" tests="2" failures="0" timestamp="25 Apr 2018 10:34:23 GMT" time="0.018" errors="0">
  <testcase name="testCaseTwo" time="0.002" classname="parameterization.TestParameters"/>
  <testcase name="testCaseOne" time="0.016" classname="parameterization.TestParameters"/>
</testsuite> <!-- parameterization.TestParameters -->
