<?xml version="1.0" encoding="UTF-8"?>
<!-- Generated by org.testng.reporters.JUnitReportReporter -->
<testsuite hostname="agnel-Inspiron-3543" name="testng_ex.SecondTestNg" tests="1" failures="0" timestamp="3 Aug 2018 12:46:28 GMT" time="0.088" errors="0">
  <testcase name="verifyHome" time="0.088" classname="testng_ex.SecondTestNg"/>
</testsuite> <!-- testng_ex.SecondTestNg -->
