<?xml version="1.0" encoding="UTF-8"?>
<!-- Generated by org.testng.reporters.JUnitReportReporter -->
<testsuite hostname="agnel-Inspiron-3543" name="annotationex.GroupEx" tests="3" failures="0" timestamp="25 Sep 2018 10:13:12 GMT" time="0.022" errors="0">
  <testcase name="scooterFirst" time="0.019" classname="annotationex.GroupEx"/>
  <testcase name="scooterSecond" time="0.002" classname="annotationex.GroupEx"/>
  <testcase name="swiftFirst" time="0.001" classname="annotationex.GroupEx"/>
</testsuite> <!-- annotationex.GroupEx -->
