<?xml version="1.0" encoding="UTF-8"?>
<!-- Generated by org.testng.reporters.JUnitReportReporter -->
<testsuite hostname="agnel-Inspiron-3543" name="annotationex.MyTestClass2" tests="2" failures="0" timestamp="4 Aug 2018 07:12:22 GMT" time="0.008" errors="0">
  <testcase name="myTestMethod4" time="0.002" classname="annotationex.MyTestClass2"/>
  <testcase name="myTestMethod3" time="0.006" classname="annotationex.MyTestClass2"/>
</testsuite> <!-- annotationex.MyTestClass2 -->
