<?xml version="1.0" encoding="UTF-8"?>
<!-- Generated by org.testng.reporters.JUnitReportReporter -->
<testsuite hostname="agnel-Inspiron-3543" name="parameterization.ParameterByDataprovider" tests="3" failures="0" timestamp="25 Apr 2018 11:26:58 GMT" time="9.740" errors="0">
  <testcase name="testMethod" time="3.425" classname="parameterization.ParameterByDataprovider"/>
  <testcase name="testMethod" time="3.165" classname="parameterization.ParameterByDataprovider"/>
  <testcase name="testMethod" time="3.150" classname="parameterization.ParameterByDataprovider"/>
</testsuite> <!-- parameterization.ParameterByDataprovider -->
