<?xml version="1.0" encoding="UTF-8"?>
<!-- Generated by org.testng.reporters.JUnitReportReporter -->
<testsuite hostname="agnel-Inspiron-3543" name="parameterization.SampleTest" tests="2" failures="0" timestamp="24 Apr 2018 11:46:24 GMT" time="2.017" errors="0">
  <testcase name="testOne" time="0.015" classname="parameterization.SampleTest"/>
  <testcase name="testTwo" time="2.002" classname="parameterization.SampleTest"/>
</testsuite> <!-- parameterization.SampleTest -->
