<?xml version="1.0" encoding="UTF-8"?>
<!-- Generated by org.testng.reporters.JUnitReportReporter -->
<testsuite hostname="agnel-Inspiron-3543" name="testng_ex.AnnotationEx" tests="3" failures="0" timestamp="21 Sep 2018 11:44:58 GMT" time="0.017" errors="0">
  <testcase name="testCaseOne" time="0.011" classname="testng_ex.AnnotationEx"/>
  <testcase name="testCaseTwo" time="0.003" classname="testng_ex.AnnotationEx"/>
  <testcase name="testCaseThree" time="0.003" classname="testng_ex.AnnotationEx"/>
</testsuite> <!-- testng_ex.AnnotationEx -->
