<?xml version="1.0" encoding="UTF-8"?>
<!-- Generated by org.testng.reporters.JUnitReportReporter -->
<testsuite hostname="agnel-Inspiron-3543" name="seleniumgrid.SeleniumGrid" tests="1" failures="0" timestamp="11 Sep 2018 10:00:14 GMT" time="13.624" errors="0">
  <testcase name="sampleTest" time="13.624" classname="seleniumgrid.SeleniumGrid"/>
</testsuite> <!-- seleniumgrid.SeleniumGrid -->
